Oct 23, 2018 8:29:33 PM org.apache.catalina.core.AprLifecycleListener init
INFO: The APR based Apache Tomcat Native library which allows optimal performance in production environments was not found on the java.library.path: C:\Program Files\Java\jdk1.8.0_45\bin;C:\WINDOWS\Sun\Java\bin;C:\WINDOWS\system32;C:\WINDOWS;C:\ProgramData\Oracle\Java\javapath;C:\Program Files (x86)\NVIDIA Corporation\PhysX\Common;C:\Program Files (x86)\Microsoft Visual Studio 10.0\VC\bin;C:\Program Files\Java\jdk1.8.0_45\bin;C:\Program Files\Java\jre1.8.0_45\bin;C:\WINDOWS\system32;C:\WINDOWS;C:\WINDOWS\System32\Wbem;C:\WINDOWS\System32\WindowsPowerShell\v1.0\;C:\Program Files\Intel\WiFi\bin\;C:\Program Files\Common Files\Intel\WirelessCommon\;C:\Program Files\Microsoft SQL Server\120\DTS\Binn\;C:\Program Files\Microsoft SQL Server\Client SDK\ODBC\110\Tools\Binn\;C:\Program Files (x86)\Microsoft SQL Server\120\Tools\Binn\;C:\Program Files\Microsoft SQL Server\120\Tools\Binn\;C:\Program Files (x86)\Microsoft SQL Server\120\Tools\Binn\ManagementStudio\;C:\Program Files (x86)\Microsoft SQL Server\120\DTS\Binn\;C:\Users\konjo\Documents\sqljdbc_6.4\enu\auth\x64\sqljdbc_auth.dll;C:\Users\konjo\AppData\Local\Microsoft\WindowsApps;C:\Program Files\Intel\WiFi\bin\;C:\Program Files\Common Files\Intel\WirelessCommon\;;.
Oct 23, 2018 8:29:34 PM org.apache.coyote.AbstractProtocol init
INFO: Initializing ProtocolHandler ["http-bio-8080"]
Oct 23, 2018 8:29:34 PM org.apache.coyote.AbstractProtocol init
INFO: Initializing ProtocolHandler ["ajp-bio-8009"]
Oct 23, 2018 8:29:34 PM org.apache.catalina.startup.Catalina load
INFO: Initialization processed in 2389 ms
Oct 23, 2018 8:29:34 PM org.apache.catalina.core.StandardService startInternal
INFO: Starting service Catalina
Oct 23, 2018 8:29:34 PM org.apache.catalina.core.StandardEngine startInternal
INFO: Starting Servlet Engine: Apache Tomcat/7.0.56
Oct 23, 2018 8:29:34 PM org.apache.catalina.startup.HostConfig deployDirectory
INFO: Deploying web application directory D:\xampp\tomcat\webapps\docs
Oct 23, 2018 8:29:37 PM org.apache.catalina.util.SessionIdGenerator createSecureRandom
INFO: Creation of SecureRandom instance for session ID generation using [SHA1PRNG] took [275] milliseconds.
Oct 23, 2018 8:29:37 PM org.apache.catalina.startup.HostConfig deployDirectory
INFO: Deployment of web application directory D:\xampp\tomcat\webapps\docs has finished in 2,956 ms
Oct 23, 2018 8:29:37 PM org.apache.catalina.startup.HostConfig deployDirectory
INFO: Deploying web application directory D:\xampp\tomcat\webapps\examples
Oct 23, 2018 8:29:38 PM org.apache.catalina.core.AprLifecycleListener init
INFO: The APR based Apache Tomcat Native library which allows optimal performance in production environments was not found on the java.library.path: C:\Program Files\Java\jdk1.8.0_45\bin;C:\WINDOWS\Sun\Java\bin;C:\WINDOWS\system32;C:\WINDOWS;C:\ProgramData\Oracle\Java\javapath;C:\Program Files (x86)\NVIDIA Corporation\PhysX\Common;C:\Program Files (x86)\Microsoft Visual Studio 10.0\VC\bin;C:\Program Files\Java\jdk1.8.0_45\bin;C:\Program Files\Java\jre1.8.0_45\bin;C:\WINDOWS\system32;C:\WINDOWS;C:\WINDOWS\System32\Wbem;C:\WINDOWS\System32\WindowsPowerShell\v1.0\;C:\Program Files\Intel\WiFi\bin\;C:\Program Files\Common Files\Intel\WirelessCommon\;C:\Program Files\Microsoft SQL Server\120\DTS\Binn\;C:\Program Files\Microsoft SQL Server\Client SDK\ODBC\110\Tools\Binn\;C:\Program Files (x86)\Microsoft SQL Server\120\Tools\Binn\;C:\Program Files\Microsoft SQL Server\120\Tools\Binn\;C:\Program Files (x86)\Microsoft SQL Server\120\Tools\Binn\ManagementStudio\;C:\Program Files (x86)\Microsoft SQL Server\120\DTS\Binn\;C:\Users\konjo\Documents\sqljdbc_6.4\enu\auth\x64\sqljdbc_auth.dll;C:\Users\konjo\AppData\Local\Microsoft\WindowsApps;C:\Program Files\Intel\WiFi\bin\;C:\Program Files\Common Files\Intel\WirelessCommon\;;.
Oct 23, 2018 8:29:38 PM org.apache.coyote.AbstractProtocol init
INFO: Initializing ProtocolHandler ["http-bio-8080"]
Oct 23, 2018 8:29:38 PM org.apache.coyote.AbstractProtocol init
SEVERE: Failed to initialize end point associated with ProtocolHandler ["http-bio-8080"]
java.net.BindException: Address already in use: JVM_Bind <null>:8080
	at org.apache.tomcat.util.net.JIoEndpoint.bind(JIoEndpoint.java:411)
	at org.apache.tomcat.util.net.AbstractEndpoint.init(AbstractEndpoint.java:646)
	at org.apache.coyote.AbstractProtocol.init(AbstractProtocol.java:434)
	at org.apache.coyote.http11.AbstractHttp11JsseProtocol.init(AbstractHttp11JsseProtocol.java:119)
	at org.apache.catalina.connector.Connector.initInternal(Connector.java:978)
	at org.apache.catalina.util.LifecycleBase.init(LifecycleBase.java:102)
	at org.apache.catalina.core.StandardService.initInternal(StandardService.java:559)
	at org.apache.catalina.util.LifecycleBase.init(LifecycleBase.java:102)
	at org.apache.catalina.core.StandardServer.initInternal(StandardServer.java:821)
	at org.apache.catalina.util.LifecycleBase.init(LifecycleBase.java:102)
	at org.apache.catalina.startup.Catalina.load(Catalina.java:638)
	at org.apache.catalina.startup.Catalina.load(Catalina.java:663)
	at sun.reflect.NativeMethodAccessorImpl.invoke0(Native Method)
	at sun.reflect.NativeMethodAccessorImpl.invoke(NativeMethodAccessorImpl.java:62)
	at sun.reflect.DelegatingMethodAccessorImpl.invoke(DelegatingMethodAccessorImpl.java:43)
	at java.lang.reflect.Method.invoke(Method.java:497)
	at org.apache.catalina.startup.Bootstrap.load(Bootstrap.java:280)
	at org.apache.catalina.startup.Bootstrap.main(Bootstrap.java:454)
Caused by: java.net.BindException: Address already in use: JVM_Bind
	at java.net.DualStackPlainSocketImpl.bind0(Native Method)
	at java.net.DualStackPlainSocketImpl.socketBind(DualStackPlainSocketImpl.java:106)
	at java.net.AbstractPlainSocketImpl.bind(AbstractPlainSocketImpl.java:382)
	at java.net.PlainSocketImpl.bind(PlainSocketImpl.java:190)
	at java.net.ServerSocket.bind(ServerSocket.java:375)
	at java.net.ServerSocket.<init>(ServerSocket.java:237)
	at java.net.ServerSocket.<init>(ServerSocket.java:181)
	at org.apache.tomcat.util.net.DefaultServerSocketFactory.createSocket(DefaultServerSocketFactory.java:49)
	at org.apache.tomcat.util.net.JIoEndpoint.bind(JIoEndpoint.java:398)
	... 17 more

Oct 23, 2018 8:29:39 PM org.apache.catalina.core.StandardService initInternal
SEVERE: Failed to initialize connector [Connector[HTTP/1.1-8080]]
org.apache.catalina.LifecycleException: Failed to initialize component [Connector[HTTP/1.1-8080]]
	at org.apache.catalina.util.LifecycleBase.init(LifecycleBase.java:106)
	at org.apache.catalina.core.StandardService.initInternal(StandardService.java:559)
	at org.apache.catalina.util.LifecycleBase.init(LifecycleBase.java:102)
	at org.apache.catalina.core.StandardServer.initInternal(StandardServer.java:821)
	at org.apache.catalina.util.LifecycleBase.init(LifecycleBase.java:102)
	at org.apache.catalina.startup.Catalina.load(Catalina.java:638)
	at org.apache.catalina.startup.Catalina.load(Catalina.java:663)
	at sun.reflect.NativeMethodAccessorImpl.invoke0(Native Method)
	at sun.reflect.NativeMethodAccessorImpl.invoke(NativeMethodAccessorImpl.java:62)
	at sun.reflect.DelegatingMethodAccessorImpl.invoke(DelegatingMethodAccessorImpl.java:43)
	at java.lang.reflect.Method.invoke(Method.java:497)
	at org.apache.catalina.startup.Bootstrap.load(Bootstrap.java:280)
	at org.apache.catalina.startup.Bootstrap.main(Bootstrap.java:454)
Caused by: org.apache.catalina.LifecycleException: Protocol handler initialization failed
	at org.apache.catalina.connector.Connector.initInternal(Connector.java:980)
	at org.apache.catalina.util.LifecycleBase.init(LifecycleBase.java:102)
	... 12 more
Caused by: java.net.BindException: Address already in use: JVM_Bind <null>:8080
	at org.apache.tomcat.util.net.JIoEndpoint.bind(JIoEndpoint.java:411)
	at org.apache.tomcat.util.net.AbstractEndpoint.init(AbstractEndpoint.java:646)
	at org.apache.coyote.AbstractProtocol.init(AbstractProtocol.java:434)
	at org.apache.coyote.http11.AbstractHttp11JsseProtocol.init(AbstractHttp11JsseProtocol.java:119)
	at org.apache.catalina.connector.Connector.initInternal(Connector.java:978)
	... 13 more
Caused by: java.net.BindException: Address already in use: JVM_Bind
	at java.net.DualStackPlainSocketImpl.bind0(Native Method)
	at java.net.DualStackPlainSocketImpl.socketBind(DualStackPlainSocketImpl.java:106)
	at java.net.AbstractPlainSocketImpl.bind(AbstractPlainSocketImpl.java:382)
	at java.net.PlainSocketImpl.bind(PlainSocketImpl.java:190)
	at java.net.ServerSocket.bind(ServerSocket.java:375)
	at java.net.ServerSocket.<init>(ServerSocket.java:237)
	at java.net.ServerSocket.<init>(ServerSocket.java:181)
	at org.apache.tomcat.util.net.DefaultServerSocketFactory.createSocket(DefaultServerSocketFactory.java:49)
	at org.apache.tomcat.util.net.JIoEndpoint.bind(JIoEndpoint.java:398)
	... 17 more

Oct 23, 2018 8:29:39 PM org.apache.coyote.AbstractProtocol init
INFO: Initializing ProtocolHandler ["ajp-bio-8009"]
Oct 23, 2018 8:29:39 PM org.apache.coyote.AbstractProtocol init
SEVERE: Failed to initialize end point associated with ProtocolHandler ["ajp-bio-8009"]
java.net.BindException: Address already in use: JVM_Bind <null>:8009
	at org.apache.tomcat.util.net.JIoEndpoint.bind(JIoEndpoint.java:411)
	at org.apache.tomcat.util.net.AbstractEndpoint.init(AbstractEndpoint.java:646)
	at org.apache.coyote.AbstractProtocol.init(AbstractProtocol.java:434)
	at org.apache.catalina.connector.Connector.initInternal(Connector.java:978)
	at org.apache.catalina.util.LifecycleBase.init(LifecycleBase.java:102)
	at org.apache.catalina.core.StandardService.initInternal(StandardService.java:559)
	at org.apache.catalina.util.LifecycleBase.init(LifecycleBase.java:102)
	at org.apache.catalina.core.StandardServer.initInternal(StandardServer.java:821)
	at org.apache.catalina.util.LifecycleBase.init(LifecycleBase.java:102)
	at org.apache.catalina.startup.Catalina.load(Catalina.java:638)
	at org.apache.catalina.startup.Catalina.load(Catalina.java:663)
	at sun.reflect.NativeMethodAccessorImpl.invoke0(Native Method)
	at sun.reflect.NativeMethodAccessorImpl.invoke(NativeMethodAccessorImpl.java:62)
	at sun.reflect.DelegatingMethodAccessorImpl.invoke(DelegatingMethodAccessorImpl.java:43)
	at java.lang.reflect.Method.invoke(Method.java:497)
	at org.apache.catalina.startup.Bootstrap.load(Bootstrap.java:280)
	at org.apache.catalina.startup.Bootstrap.main(Bootstrap.java:454)
Caused by: java.net.BindException: Address already in use: JVM_Bind
	at java.net.DualStackPlainSocketImpl.bind0(Native Method)
	at java.net.DualStackPlainSocketImpl.socketBind(DualStackPlainSocketImpl.java:106)
	at java.net.AbstractPlainSocketImpl.bind(AbstractPlainSocketImpl.java:382)
	at java.net.PlainSocketImpl.bind(PlainSocketImpl.java:190)
	at java.net.ServerSocket.bind(ServerSocket.java:375)
	at java.net.ServerSocket.<init>(ServerSocket.java:237)
	at java.net.ServerSocket.<init>(ServerSocket.java:181)
	at org.apache.tomcat.util.net.DefaultServerSocketFactory.createSocket(DefaultServerSocketFactory.java:49)
	at org.apache.tomcat.util.net.JIoEndpoint.bind(JIoEndpoint.java:398)
	... 16 more

Oct 23, 2018 8:29:39 PM org.apache.catalina.core.StandardService initInternal
SEVERE: Failed to initialize connector [Connector[AJP/1.3-8009]]
org.apache.catalina.LifecycleException: Failed to initialize component [Connector[AJP/1.3-8009]]
	at org.apache.catalina.util.LifecycleBase.init(LifecycleBase.java:106)
	at org.apache.catalina.core.StandardService.initInternal(StandardService.java:559)
	at org.apache.catalina.util.LifecycleBase.init(LifecycleBase.java:102)
	at org.apache.catalina.core.StandardServer.initInternal(StandardServer.java:821)
	at org.apache.catalina.util.LifecycleBase.init(LifecycleBase.java:102)
	at org.apache.catalina.startup.Catalina.load(Catalina.java:638)
	at org.apache.catalina.startup.Catalina.load(Catalina.java:663)
	at sun.reflect.NativeMethodAccessorImpl.invoke0(Native Method)
	at sun.reflect.NativeMethodAccessorImpl.invoke(NativeMethodAccessorImpl.java:62)
	at sun.reflect.DelegatingMethodAccessorImpl.invoke(DelegatingMethodAccessorImpl.java:43)
	at java.lang.reflect.Method.invoke(Method.java:497)
	at org.apache.catalina.startup.Bootstrap.load(Bootstrap.java:280)
	at org.apache.catalina.startup.Bootstrap.main(Bootstrap.java:454)
Caused by: org.apache.catalina.LifecycleException: Protocol handler initialization failed
	at org.apache.catalina.connector.Connector.initInternal(Connector.java:980)
	at org.apache.catalina.util.LifecycleBase.init(LifecycleBase.java:102)
	... 12 more
Caused by: java.net.BindException: Address already in use: JVM_Bind <null>:8009
	at org.apache.tomcat.util.net.JIoEndpoint.bind(JIoEndpoint.java:411)
	at org.apache.tomcat.util.net.AbstractEndpoint.init(AbstractEndpoint.java:646)
	at org.apache.coyote.AbstractProtocol.init(AbstractProtocol.java:434)
	at org.apache.catalina.connector.Connector.initInternal(Connector.java:978)
	... 13 more
Caused by: java.net.BindException: Address already in use: JVM_Bind
	at java.net.DualStackPlainSocketImpl.bind0(Native Method)
	at java.net.DualStackPlainSocketImpl.socketBind(DualStackPlainSocketImpl.java:106)
	at java.net.AbstractPlainSocketImpl.bind(AbstractPlainSocketImpl.java:382)
	at java.net.PlainSocketImpl.bind(PlainSocketImpl.java:190)
	at java.net.ServerSocket.bind(ServerSocket.java:375)
	at java.net.ServerSocket.<init>(ServerSocket.java:237)
	at java.net.ServerSocket.<init>(ServerSocket.java:181)
	at org.apache.tomcat.util.net.DefaultServerSocketFactory.createSocket(DefaultServerSocketFactory.java:49)
	at org.apache.tomcat.util.net.JIoEndpoint.bind(JIoEndpoint.java:398)
	... 16 more

Oct 23, 2018 8:29:39 PM org.apache.catalina.startup.Catalina load
INFO: Initialization processed in 1145 ms
Oct 23, 2018 8:29:39 PM org.apache.catalina.core.StandardService startInternal
INFO: Starting service Catalina
Oct 23, 2018 8:29:39 PM org.apache.catalina.core.StandardEngine startInternal
INFO: Starting Servlet Engine: Apache Tomcat/7.0.56
Oct 23, 2018 8:29:39 PM org.apache.catalina.startup.HostConfig deployDirectory
INFO: Deploying web application directory D:\xampp\tomcat\webapps\docs
Oct 23, 2018 8:29:39 PM org.apache.catalina.startup.HostConfig deployDirectory
INFO: Deployment of web application directory D:\xampp\tomcat\webapps\examples has finished in 1,973 ms
Oct 23, 2018 8:29:39 PM org.apache.catalina.startup.HostConfig deployDirectory
INFO: Deploying web application directory D:\xampp\tomcat\webapps\host-manager
Oct 23, 2018 8:29:40 PM org.apache.catalina.util.SessionIdGenerator createSecureRandom
INFO: Creation of SecureRandom instance for session ID generation using [SHA1PRNG] took [174] milliseconds.
Oct 23, 2018 8:29:40 PM org.apache.catalina.startup.HostConfig deployDirectory
INFO: Deployment of web application directory D:\xampp\tomcat\webapps\host-manager has finished in 182 ms
Oct 23, 2018 8:29:40 PM org.apache.catalina.startup.HostConfig deployDirectory
INFO: Deploying web application directory D:\xampp\tomcat\webapps\manager
Oct 23, 2018 8:29:40 PM org.apache.catalina.startup.HostConfig deployDirectory
INFO: Deployment of web application directory D:\xampp\tomcat\webapps\docs has finished in 955 ms
Oct 23, 2018 8:29:40 PM org.apache.catalina.startup.HostConfig deployDirectory
INFO: Deploying web application directory D:\xampp\tomcat\webapps\examples
Oct 23, 2018 8:29:40 PM org.apache.catalina.startup.HostConfig deployDirectory
INFO: Deployment of web application directory D:\xampp\tomcat\webapps\manager has finished in 182 ms
Oct 23, 2018 8:29:40 PM org.apache.catalina.startup.HostConfig deployDirectory
INFO: Deploying web application directory D:\xampp\tomcat\webapps\ROOT
Oct 23, 2018 8:29:40 PM org.apache.catalina.startup.HostConfig deployDirectory
INFO: Deployment of web application directory D:\xampp\tomcat\webapps\ROOT has finished in 81 ms
Oct 23, 2018 8:29:40 PM org.apache.coyote.AbstractProtocol start
INFO: Starting ProtocolHandler ["http-bio-8080"]
Oct 23, 2018 8:29:40 PM org.apache.coyote.AbstractProtocol start
INFO: Starting ProtocolHandler ["ajp-bio-8009"]
Oct 23, 2018 8:29:40 PM org.apache.catalina.startup.Catalina start
INFO: Server startup in 5844 ms
Oct 23, 2018 8:29:41 PM org.apache.catalina.startup.HostConfig deployDirectory
INFO: Deployment of web application directory D:\xampp\tomcat\webapps\examples has finished in 1,241 ms
Oct 23, 2018 8:29:41 PM org.apache.catalina.startup.HostConfig deployDirectory
INFO: Deploying web application directory D:\xampp\tomcat\webapps\host-manager
Oct 23, 2018 8:29:41 PM org.apache.catalina.startup.HostConfig deployDirectory
INFO: Deployment of web application directory D:\xampp\tomcat\webapps\host-manager has finished in 73 ms
Oct 23, 2018 8:29:41 PM org.apache.catalina.startup.HostConfig deployDirectory
INFO: Deploying web application directory D:\xampp\tomcat\webapps\manager
Oct 23, 2018 8:29:41 PM org.apache.catalina.startup.HostConfig deployDirectory
INFO: Deployment of web application directory D:\xampp\tomcat\webapps\manager has finished in 80 ms
Oct 23, 2018 8:29:41 PM org.apache.catalina.startup.HostConfig deployDirectory
INFO: Deploying web application directory D:\xampp\tomcat\webapps\ROOT
Oct 23, 2018 8:29:41 PM org.apache.catalina.startup.HostConfig deployDirectory
INFO: Deployment of web application directory D:\xampp\tomcat\webapps\ROOT has finished in 69 ms
Oct 23, 2018 8:29:41 PM org.apache.catalina.startup.Catalina start
INFO: Server startup in 2578 ms
Oct 23, 2018 8:29:41 PM org.apache.catalina.core.StandardServer await
SEVERE: StandardServer.await: create[localhost:8005]: 
java.net.BindException: Address already in use: JVM_Bind
	at java.net.DualStackPlainSocketImpl.bind0(Native Method)
	at java.net.DualStackPlainSocketImpl.socketBind(DualStackPlainSocketImpl.java:106)
	at java.net.AbstractPlainSocketImpl.bind(AbstractPlainSocketImpl.java:382)
	at java.net.PlainSocketImpl.bind(PlainSocketImpl.java:190)
	at java.net.ServerSocket.bind(ServerSocket.java:375)
	at java.net.ServerSocket.<init>(ServerSocket.java:237)
	at org.apache.catalina.core.StandardServer.await(StandardServer.java:427)
	at org.apache.catalina.startup.Catalina.await(Catalina.java:777)
	at org.apache.catalina.startup.Catalina.start(Catalina.java:723)
	at sun.reflect.NativeMethodAccessorImpl.invoke0(Native Method)
	at sun.reflect.NativeMethodAccessorImpl.invoke(NativeMethodAccessorImpl.java:62)
	at sun.reflect.DelegatingMethodAccessorImpl.invoke(DelegatingMethodAccessorImpl.java:43)
	at java.lang.reflect.Method.invoke(Method.java:497)
	at org.apache.catalina.startup.Bootstrap.start(Bootstrap.java:321)
	at org.apache.catalina.startup.Bootstrap.main(Bootstrap.java:455)

Oct 23, 2018 8:29:41 PM org.apache.coyote.AbstractProtocol pause
INFO: Pausing ProtocolHandler ["http-bio-8080"]
Oct 23, 2018 8:29:41 PM org.apache.coyote.AbstractProtocol pause
INFO: Pausing ProtocolHandler ["ajp-bio-8009"]
Oct 23, 2018 8:29:41 PM org.apache.catalina.core.StandardService stopInternal
INFO: Stopping service Catalina
Oct 23, 2018 8:29:41 PM org.apache.coyote.AbstractProtocol stop
INFO: Stopping ProtocolHandler ["http-bio-8080"]
Oct 23, 2018 8:29:41 PM org.apache.coyote.AbstractProtocol destroy
INFO: Destroying ProtocolHandler ["http-bio-8080"]
Oct 23, 2018 8:29:41 PM org.apache.coyote.AbstractProtocol stop
INFO: Stopping ProtocolHandler ["ajp-bio-8009"]
Oct 23, 2018 8:29:41 PM org.apache.coyote.AbstractProtocol destroy
INFO: Destroying ProtocolHandler ["ajp-bio-8009"]
Oct 23, 2018 9:21:19 PM org.apache.catalina.core.StandardServer await
INFO: A valid shutdown command was received via the shutdown port. Stopping the Server instance.
Oct 23, 2018 9:21:43 PM org.apache.catalina.startup.Catalina stopServer
SEVERE: Could not contact localhost:8005. Tomcat may not be running.
Oct 23, 2018 9:21:43 PM org.apache.catalina.startup.Catalina stopServer
SEVERE: Catalina.stop: 
java.net.ConnectException: Connection refused: connect
	at java.net.DualStackPlainSocketImpl.connect0(Native Method)
	at java.net.DualStackPlainSocketImpl.socketConnect(DualStackPlainSocketImpl.java:79)
	at java.net.AbstractPlainSocketImpl.doConnect(AbstractPlainSocketImpl.java:345)
	at java.net.AbstractPlainSocketImpl.connectToAddress(AbstractPlainSocketImpl.java:206)
	at java.net.AbstractPlainSocketImpl.connect(AbstractPlainSocketImpl.java:188)
	at java.net.PlainSocketImpl.connect(PlainSocketImpl.java:172)
	at java.net.SocksSocketImpl.connect(SocksSocketImpl.java:392)
	at java.net.Socket.connect(Socket.java:589)
	at java.net.Socket.connect(Socket.java:538)
	at java.net.Socket.<init>(Socket.java:434)
	at java.net.Socket.<init>(Socket.java:211)
	at org.apache.catalina.startup.Catalina.stopServer(Catalina.java:498)
	at sun.reflect.NativeMethodAccessorImpl.invoke0(Native Method)
	at sun.reflect.NativeMethodAccessorImpl.invoke(NativeMethodAccessorImpl.java:62)
	at sun.reflect.DelegatingMethodAccessorImpl.invoke(DelegatingMethodAccessorImpl.java:43)
	at java.lang.reflect.Method.invoke(Method.java:497)
	at org.apache.catalina.startup.Bootstrap.stopServer(Bootstrap.java:370)
	at org.apache.catalina.startup.Bootstrap.main(Bootstrap.java:457)

Oct 23, 2018 9:21:45 PM org.apache.catalina.startup.Catalina stopServer
SEVERE: Could not contact localhost:8005. Tomcat may not be running.
Oct 23, 2018 9:21:45 PM org.apache.catalina.startup.Catalina stopServer
SEVERE: Catalina.stop: 
java.net.ConnectException: Connection refused: connect
	at java.net.DualStackPlainSocketImpl.connect0(Native Method)
	at java.net.DualStackPlainSocketImpl.socketConnect(DualStackPlainSocketImpl.java:79)
	at java.net.AbstractPlainSocketImpl.doConnect(AbstractPlainSocketImpl.java:345)
	at java.net.AbstractPlainSocketImpl.connectToAddress(AbstractPlainSocketImpl.java:206)
	at java.net.AbstractPlainSocketImpl.connect(AbstractPlainSocketImpl.java:188)
	at java.net.PlainSocketImpl.connect(PlainSocketImpl.java:172)
	at java.net.SocksSocketImpl.connect(SocksSocketImpl.java:392)
	at java.net.Socket.connect(Socket.java:589)
	at java.net.Socket.connect(Socket.java:538)
	at java.net.Socket.<init>(Socket.java:434)
	at java.net.Socket.<init>(Socket.java:211)
	at org.apache.catalina.startup.Catalina.stopServer(Catalina.java:498)
	at sun.reflect.NativeMethodAccessorImpl.invoke0(Native Method)
	at sun.reflect.NativeMethodAccessorImpl.invoke(NativeMethodAccessorImpl.java:62)
	at sun.reflect.DelegatingMethodAccessorImpl.invoke(DelegatingMethodAccessorImpl.java:43)
	at java.lang.reflect.Method.invoke(Method.java:497)
	at org.apache.catalina.startup.Bootstrap.stopServer(Bootstrap.java:370)
	at org.apache.catalina.startup.Bootstrap.main(Bootstrap.java:457)

Oct 23, 2018 9:21:46 PM org.apache.catalina.startup.Catalina stopServer
SEVERE: Could not contact localhost:8005. Tomcat may not be running.
Oct 23, 2018 9:21:46 PM org.apache.catalina.startup.Catalina stopServer
SEVERE: Catalina.stop: 
java.net.ConnectException: Connection refused: connect
	at java.net.DualStackPlainSocketImpl.connect0(Native Method)
	at java.net.DualStackPlainSocketImpl.socketConnect(DualStackPlainSocketImpl.java:79)
	at java.net.AbstractPlainSocketImpl.doConnect(AbstractPlainSocketImpl.java:345)
	at java.net.AbstractPlainSocketImpl.connectToAddress(AbstractPlainSocketImpl.java:206)
	at java.net.AbstractPlainSocketImpl.connect(AbstractPlainSocketImpl.java:188)
	at java.net.PlainSocketImpl.connect(PlainSocketImpl.java:172)
	at java.net.SocksSocketImpl.connect(SocksSocketImpl.java:392)
	at java.net.Socket.connect(Socket.java:589)
	at java.net.Socket.connect(Socket.java:538)
	at java.net.Socket.<init>(Socket.java:434)
	at java.net.Socket.<init>(Socket.java:211)
	at org.apache.catalina.startup.Catalina.stopServer(Catalina.java:498)
	at sun.reflect.NativeMethodAccessorImpl.invoke0(Native Method)
	at sun.reflect.NativeMethodAccessorImpl.invoke(NativeMethodAccessorImpl.java:62)
	at sun.reflect.DelegatingMethodAccessorImpl.invoke(DelegatingMethodAccessorImpl.java:43)
	at java.lang.reflect.Method.invoke(Method.java:497)
	at org.apache.catalina.startup.Bootstrap.stopServer(Bootstrap.java:370)
	at org.apache.catalina.startup.Bootstrap.main(Bootstrap.java:457)

Oct 23, 2018 9:23:55 PM org.apache.catalina.startup.Catalina stopServer
SEVERE: Could not contact localhost:8005. Tomcat may not be running.
Oct 23, 2018 9:23:56 PM org.apache.catalina.startup.Catalina stopServer
SEVERE: Catalina.stop: 
java.net.ConnectException: Connection refused: connect
	at java.net.DualStackPlainSocketImpl.connect0(Native Method)
	at java.net.DualStackPlainSocketImpl.socketConnect(DualStackPlainSocketImpl.java:79)
	at java.net.AbstractPlainSocketImpl.doConnect(AbstractPlainSocketImpl.java:345)
	at java.net.AbstractPlainSocketImpl.connectToAddress(AbstractPlainSocketImpl.java:206)
	at java.net.AbstractPlainSocketImpl.connect(AbstractPlainSocketImpl.java:188)
	at java.net.PlainSocketImpl.connect(PlainSocketImpl.java:172)
	at java.net.SocksSocketImpl.connect(SocksSocketImpl.java:392)
	at java.net.Socket.connect(Socket.java:589)
	at java.net.Socket.connect(Socket.java:538)
	at java.net.Socket.<init>(Socket.java:434)
	at java.net.Socket.<init>(Socket.java:211)
	at org.apache.catalina.startup.Catalina.stopServer(Catalina.java:498)
	at sun.reflect.NativeMethodAccessorImpl.invoke0(Native Method)
	at sun.reflect.NativeMethodAccessorImpl.invoke(NativeMethodAccessorImpl.java:62)
	at sun.reflect.DelegatingMethodAccessorImpl.invoke(DelegatingMethodAccessorImpl.java:43)
	at java.lang.reflect.Method.invoke(Method.java:497)
	at org.apache.catalina.startup.Bootstrap.stopServer(Bootstrap.java:370)
	at org.apache.catalina.startup.Bootstrap.main(Bootstrap.java:457)

Oct 23, 2018 9:24:28 PM org.apache.coyote.AbstractProtocol pause
INFO: Pausing ProtocolHandler ["http-bio-8080"]
Oct 23, 2018 9:24:29 PM org.apache.coyote.AbstractProtocol pause
INFO: Pausing ProtocolHandler ["ajp-bio-8009"]
Oct 23, 2018 9:24:29 PM org.apache.catalina.core.StandardService stopInternal
INFO: Stopping service Catalina
Oct 23, 2018 9:24:29 PM org.apache.coyote.AbstractProtocol stop
INFO: Stopping ProtocolHandler ["http-bio-8080"]
Oct 23, 2018 9:24:29 PM org.apache.coyote.AbstractProtocol stop
INFO: Stopping ProtocolHandler ["ajp-bio-8009"]
Oct 23, 2018 9:24:29 PM org.apache.coyote.AbstractProtocol destroy
INFO: Destroying ProtocolHandler ["http-bio-8080"]
Oct 23, 2018 9:24:29 PM org.apache.coyote.AbstractProtocol destroy
INFO: Destroying ProtocolHandler ["ajp-bio-8009"]
